-- Running vcpkg install
Detecting compiler hash for triplet arm64-osx...
Compiler found: /usr/bin/c++
The following packages will be built and installed:
  * abseil:arm64-osx@20250814.1
  * bzip2[core,tool]:arm64-osx@1.0.8#6
  * curl[core,non-http,openssl,ssl]:arm64-osx@8.17.0
  * flatbuffers:arm64-osx@25.9.23#1
    ftxui:arm64-osx@6.1.9
  * giflib:arm64-osx@5.2.2#2
  * hdf5[core,szip,zlib]:arm64-osx@1.14.6
  * leptonica:arm64-osx@1.85.0
  * libaec:arm64-osx@1.1.3#1
  * libarchive[bzip2,core,crypto,lz4,lzma,xar,zstd]:arm64-osx@3.8.3
  * libiconv:arm64-osx@1.18#3
  * libjpeg-turbo:arm64-osx@3.1.2
  * liblzma:arm64-osx@5.8.1
  * libpng:arm64-osx@1.6.50
  * libwebp[core,libwebpmux,nearlossless,simd]:arm64-osx@1.6.0#2
  * libxml2[core,iconv,zlib]:arm64-osx@2.15.0
  * lz4:arm64-osx@1.10.0
  * mbedtls:arm64-osx@3.6.4
    nlohmann-json:arm64-osx@3.12.0#1
    opencv[contrib,core,dnn,jpeg,png,tiff]:arm64-osx@4.11.0
  * opencv4[calib3d,contrib,core,dnn,fs,gapi,highgui,intrinsics,jpeg,png,quirc,thread,tiff,webp]:arm64-osx@4.11.0#6
  * openjpeg:arm64-osx@2.5.4
  * openssl:arm64-osx@3.6.0#3
  * protobuf:arm64-osx@5.29.5#2
  * quirc:arm64-osx@1.2
    taskflow:arm64-osx@3.10.0
    tbb:arm64-osx@2022.2.0
  * tesseract:arm64-osx@5.5.1#1
  * tiff[core,jpeg,lzma,zip]:arm64-osx@4.7.1
  * utf8-range:arm64-osx@5.29.5
  * vcpkg-cmake:arm64-osx@2024-04-23
  * vcpkg-cmake-config:arm64-osx@2024-05-23
  * vcpkg-cmake-get-vars:arm64-osx@2025-05-29
  * vcpkg-get-python-packages:arm64-osx@2025-04-05
  * zlib:arm64-osx@1.3.1
  * zstd:arm64-osx@1.5.7
Additional packages (*) will be modified to complete this operation.
Restored 36 package(s) from /Users/hiroyukih/.cache/vcpkg/archives in 5.1 s. Use --debug to see more details.
Installing 1/36 vcpkg-cmake-config:arm64-osx@2024-05-23...
Elapsed time to handle vcpkg-cmake-config:arm64-osx: 2.5 ms
vcpkg-cmake-config:arm64-osx package ABI: 850b7485e31884a05eccbede3413dc298f51b8f7fb250bdbdce9ffcd27b48bc5
Installing 2/36 vcpkg-cmake:arm64-osx@2024-04-23...
Elapsed time to handle vcpkg-cmake:arm64-osx: 2.51 ms
vcpkg-cmake:arm64-osx package ABI: b3427679e423ecb79675afaa24c803e8635a0abb0f6d542c238a4830cc7f4b41
Installing 3/36 ftxui:arm64-osx@6.1.9...
Elapsed time to handle ftxui:arm64-osx: 13.9 ms
ftxui:arm64-osx package ABI: dd1ff4e91ead24448b2420c193c1fec8389bc84a6e8df13161f76237f6ca54c0
Installing 4/36 nlohmann-json:arm64-osx@3.12.0#1...
Elapsed time to handle nlohmann-json:arm64-osx: 16.1 ms
nlohmann-json:arm64-osx package ABI: cc7b01dffcca6399d417beac398c5ba31cf2c6d5e7f320616eace7001b39ae68
Installing 5/36 libwebp[core,libwebpmux,nearlossless,simd]:arm64-osx@1.6.0#2...
Elapsed time to handle libwebp:arm64-osx: 11.3 ms
libwebp:arm64-osx package ABI: 444e79d2c23373df1fb0dec32b40445ab4bc80f4d93c1c3412cda85b36b5b830
Installing 6/36 zlib:arm64-osx@1.3.1...
Elapsed time to handle zlib:arm64-osx: 3.6 ms
zlib:arm64-osx package ABI: 47082ef9dc062cb5816d85880fe866811ffeceaefe7beca6e1b95007e16561d0
Installing 7/36 liblzma:arm64-osx@5.8.1...
Elapsed time to handle liblzma:arm64-osx: 13.4 ms
liblzma:arm64-osx package ABI: 7403a81296179c5c744a1c7fb1788c0d0d91e715346474c5412c515a821d107a
Installing 8/36 libjpeg-turbo:arm64-osx@3.1.2...
Elapsed time to handle libjpeg-turbo:arm64-osx: 7.3 ms
libjpeg-turbo:arm64-osx package ABI: 5ed5d5bbafb25bc7d41c0f9edfdd83b9b7f9a8a39d548d6eb1edf854c8ea39fd
Installing 9/36 tiff[core,jpeg,lzma,zip]:arm64-osx@4.7.1...
Elapsed time to handle tiff:arm64-osx: 5.15 ms
tiff:arm64-osx package ABI: f148765fd40bfaa9c690447faad46a25f718b8b21a70a594a881f65d768c4d62
Installing 10/36 quirc:arm64-osx@1.2...
Elapsed time to handle quirc:arm64-osx: 3.48 ms
quirc:arm64-osx package ABI: bfb4433e3a97243589b9c7869f1ce6ae05b48190d579a76e6e9ee64fc265af44
Installing 11/36 libpng:arm64-osx@1.6.50...
Elapsed time to handle libpng:arm64-osx: 8.5 ms
libpng:arm64-osx package ABI: 2e5cacdd7dd6856c576fa2930b261498a4f61eaae882fc617abc318a17755ea9
Installing 12/36 abseil:arm64-osx@20250814.1...
Elapsed time to handle abseil:arm64-osx: 267 ms
abseil:arm64-osx package ABI: 850fa88fb9f3724007293b5c21ffb111b38da009049461a234a812de42e5ccd6
Installing 13/36 utf8-range:arm64-osx@5.29.5...
Elapsed time to handle utf8-range:arm64-osx: 5.83 ms
utf8-range:arm64-osx package ABI: bec6ed0a3447f734fe5ba9e4e6a83123acaf841b1bf66756174350cca622cf6b
Installing 14/36 protobuf:arm64-osx@5.29.5#2...
Elapsed time to handle protobuf:arm64-osx: 78.3 ms
protobuf:arm64-osx package ABI: a53d8dad89be3361da9b51395e03fd8fd6757e62629fae4039976df10fb7b365
Installing 15/36 flatbuffers:arm64-osx@25.9.23#1...
Elapsed time to handle flatbuffers:arm64-osx: 13.7 ms
flatbuffers:arm64-osx package ABI: e45172ad73ae35cb756709c3b99977b28bffbcfb719ca5e0c71d2721765cf8a4
Installing 16/36 vcpkg-get-python-packages:arm64-osx@2025-04-05...
Elapsed time to handle vcpkg-get-python-packages:arm64-osx: 2.82 ms
vcpkg-get-python-packages:arm64-osx package ABI: c1a1c3915da052b9802713cd934f5f2087d4728dd010e366b8b7b87c950494d3
Installing 17/36 zstd:arm64-osx@1.5.7...
Elapsed time to handle zstd:arm64-osx: 5.84 ms
zstd:arm64-osx package ABI: 5eb251e03ec1077ec7faf57ed2fc17987013988b3184e65e4784b0d9e654b9f7
Installing 18/36 libiconv:arm64-osx@1.18#3...
Elapsed time to handle libiconv:arm64-osx: 2.46 ms
libiconv:arm64-osx package ABI: 0fe14d048c0d14494666ea66e1fa25ad9f8e8f3bcae8d2660e5e39845fa00e8d
Installing 19/36 libxml2[core,iconv,zlib]:arm64-osx@2.15.0...
Elapsed time to handle libxml2:arm64-osx: 18 ms
libxml2:arm64-osx package ABI: 5543f8753177471b2fb9216ceba6a88ba1d7ea4939293804da018431e4b4cb40
Installing 20/36 lz4:arm64-osx@1.10.0...
Elapsed time to handle lz4:arm64-osx: 6.47 ms
lz4:arm64-osx package ABI: 4f3c120d37abd2e2bcea861c4c580c2b64789450e7591739c20d59e06f6fe32c
Installing 21/36 mbedtls:arm64-osx@3.6.4...
Elapsed time to handle mbedtls:arm64-osx: 37.4 ms
mbedtls:arm64-osx package ABI: 15f2bdbfb00b20e0587a3ab1f6df5852bbfe8cd26299893a39791640ce9edc02
Installing 22/36 bzip2[core,tool]:arm64-osx@1.0.8#6...
Elapsed time to handle bzip2:arm64-osx: 7.26 ms
bzip2:arm64-osx package ABI: 19ede2951966a3f9fb48f1f58d9f206da918a0e0e8686566231819f9fee680eb
Installing 23/36 libarchive[bzip2,core,crypto,lz4,lzma,xar,zstd]:arm64-osx@3.8.3...
Elapsed time to handle libarchive:arm64-osx: 6.26 ms
libarchive:arm64-osx package ABI: d5dc86ac73c16a1766ca649630e3110d8a2b30894036882a77d1fb824b2de147
Installing 24/36 openjpeg:arm64-osx@2.5.4...
Elapsed time to handle openjpeg:arm64-osx: 7.01 ms
openjpeg:arm64-osx package ABI: 982b50d7fa5701eddb261c54fa7e9bd8c47d72ceae43b5c5ea6500ca2efc55d4
Installing 25/36 giflib:arm64-osx@5.2.2#2...
Elapsed time to handle giflib:arm64-osx: 4.05 ms
giflib:arm64-osx package ABI: efb6d45f217047a550ea30eba5ec9eac876612cd5790e2df818f1e3e79271e01
Installing 26/36 leptonica:arm64-osx@1.85.0...
Elapsed time to handle leptonica:arm64-osx: 15.4 ms
leptonica:arm64-osx package ABI: ac4b218ca29dc8471fd11c83785bc345b91a443305862411a3b033f2fde3ad26
Installing 27/36 vcpkg-cmake-get-vars:arm64-osx@2025-05-29...
Elapsed time to handle vcpkg-cmake-get-vars:arm64-osx: 4.12 ms
vcpkg-cmake-get-vars:arm64-osx package ABI: 949f1ba56a929c43ddd47a56f6ad4321f1f94c3a1719c640079062d42cfc0cc2
Installing 28/36 openssl:arm64-osx@3.6.0#3...
Elapsed time to handle openssl:arm64-osx: 46.7 ms
openssl:arm64-osx package ABI: 70779c67a55ada1f97dfade3e12bc48786727f1b7d5e3b71c1d43c8705383a09
Installing 29/36 curl[core,non-http,openssl,ssl]:arm64-osx@8.17.0...
Elapsed time to handle curl:arm64-osx: 10.4 ms
curl:arm64-osx package ABI: cd95f1ac86e649784e0e5606d29b709a4788e577dead55b9e35664977d41e028
Installing 30/36 tesseract:arm64-osx@5.5.1#1...
Elapsed time to handle tesseract:arm64-osx: 69.9 ms
tesseract:arm64-osx package ABI: 562c6dd7321cfd6cd3a320ffdbc51327583a1a03f19b938222cf1348a0f5550f
Installing 31/36 libaec:arm64-osx@1.1.3#1...
Elapsed time to handle libaec:arm64-osx: 6.72 ms
libaec:arm64-osx package ABI: 68a482abe3f4446404109f52274349a2fd9860086c38e90939ce77b75b2cb0dd
Installing 32/36 hdf5[core,szip,zlib]:arm64-osx@1.14.6...
Elapsed time to handle hdf5:arm64-osx: 25.6 ms
hdf5:arm64-osx package ABI: 11273d1e3e05a497d7ec7bbf7356e077a70b6c9e255d1ae5a7f80993cda55a84
Installing 33/36 opencv4[calib3d,contrib,core,dnn,fs,gapi,highgui,intrinsics,jpeg,png,quirc,thread,tiff,webp]:arm64-osx@4.11.0#6...
Elapsed time to handle opencv4:arm64-osx: 162 ms
opencv4:arm64-osx package ABI: b792c689675482b0e50f376b16e20243d83549b1219e0b93e1fbe88b6f6a6433
Installing 34/36 opencv[contrib,core,dnn,jpeg,png,tiff]:arm64-osx@4.11.0...
Elapsed time to handle opencv:arm64-osx: 4.75 ms
opencv:arm64-osx package ABI: cba95f8986f18b49dca33e32a10d8fc2d26afa7ad402b696c86e2b6391d6853c
Installing 35/36 taskflow:arm64-osx@3.10.0...
Elapsed time to handle taskflow:arm64-osx: 26.7 ms
taskflow:arm64-osx package ABI: 689da3fb2af86c292db62ad6d5a20355f7aa31c8c32c671e7e0c0918c295e2ff
Installing 36/36 tbb:arm64-osx@2022.2.0...
Elapsed time to handle tbb:arm64-osx: 46.9 ms
tbb:arm64-osx package ABI: b9c7b972095a39c1b194ebb88fba6ff0a9ea342739fdff9871435dcc6101f8f0
Installed contents are licensed to you by owners. Microsoft is not responsible for, nor does it grant any licenses to, third-party packages.
Some packages did not declare an SPDX license. Check the `copyright` file for each package for more information about their licensing.
Packages installed in this vcpkg installation declare the following licenses:
(Apache-2.0 OR GPL-2.0-or-later)
(BSD-3-Clause OR GPL-2.0-only)
Apache-2.0
BSD-2-Clause
BSD-3-Clause
ISC
MIT
Zlib
bzip2-1.0.6
curl
libpng-2.0
libtiff
ftxui provides CMake targets:

  # this is heuristically generated, and may not be correct
  find_package(ftxui CONFIG REQUIRED)
  target_link_libraries(main PRIVATE ftxui::dom ftxui::screen ftxui::component)

ftxui provides pkg-config modules:

  # C++ Functional Terminal User Interface.
  ftxui

The package nlohmann-json provides CMake targets:

    find_package(nlohmann_json CONFIG REQUIRED)
    target_link_libraries(main PRIVATE nlohmann_json::nlohmann_json)

The package nlohmann-json can be configured to not provide implicit conversions via a custom triplet file:

    set(nlohmann-json_IMPLICIT_CONVERSIONS OFF)

For more information, see the docs here:
    
    https://json.nlohmann.me/api/macros/json_use_implicit_conversions/

taskflow provides CMake targets:

  # this is heuristically generated, and may not be correct
  find_package(Taskflow CONFIG REQUIRED)
  target_link_libraries(main PRIVATE Taskflow::Taskflow)

tbb provides CMake targets:

  # this is heuristically generated, and may not be correct
  find_package(TBB CONFIG REQUIRED)
  target_link_libraries(main PRIVATE TBB::tbb TBB::tbbmalloc)

tbb provides pkg-config modules:

  # C++ library for parallel programming on multi-core processors.
  tbb

All requested installations completed successfully in: 979 ms
-- Running vcpkg install - done
-- The CXX compiler identification is AppleClang 17.0.0.17000319
-- Detecting CXX compiler ABI info
-- Detecting CXX compiler ABI info - done
-- Check for working CXX compiler: /usr/bin/c++ - skipped
-- Detecting CXX compile features
-- Detecting CXX compile features - done
-- Found Git: /opt/homebrew/bin/git (found version "2.52.0")
-- Performing Test CMAKE_HAVE_LIBC_PTHREAD
-- Performing Test CMAKE_HAVE_LIBC_PTHREAD - Success
-- Found Threads: TRUE
-- Found Protobuf: /Users/hiroyukih/myTool/build/debug/vcpkg_installed/arm64-osx/tools/protobuf/protoc (found version "29.5.0")
-- The C compiler identification is AppleClang 17.0.0.17000319
-- Detecting C compiler ABI info
-- Detecting C compiler ABI info - done
-- Check for working C compiler: /usr/bin/cc - skipped
-- Detecting C compile features
-- Detecting C compile features - done
-- Found HDF5: hdf5::hdf5-static (found version "1.14.6")
-- Found OpenSSL: /Users/hiroyukih/myTool/build/debug/vcpkg_installed/arm64-osx/debug/lib/libcrypto.a (found suitable version "3.6.0", minimum required is "3")
-- Found ZLIB: optimized;/Users/hiroyukih/myTool/build/debug/vcpkg_installed/arm64-osx/lib/libz.a;debug;/Users/hiroyukih/myTool/build/debug/vcpkg_installed/arm64-osx/debug/lib/libz.a (found suitable version "1.3.1", minimum required is "1")
-- Found LibArchive: /Users/hiroyukih/myTool/build/debug/vcpkg_installed/arm64-osx/debug/lib/libarchive.a (found version "3.8.3")
-- Found ZLIB: optimized;/Users/hiroyukih/myTool/build/debug/vcpkg_installed/arm64-osx/lib/libz.a;debug;/Users/hiroyukih/myTool/build/debug/vcpkg_installed/arm64-osx/debug/lib/libz.a (found version "1.3.1")
-- Found BZip2: optimized;/Users/hiroyukih/myTool/build/debug/vcpkg_installed/arm64-osx/lib/libbz2.a;debug;/Users/hiroyukih/myTool/build/debug/vcpkg_installed/arm64-osx/debug/lib/libbz2d.a (found version "1.0.8")
-- Looking for BZ2_bzCompressInit
-- Looking for BZ2_bzCompressInit - found
-- Performing Test Iconv_IS_BUILT_IN
-- Performing Test Iconv_IS_BUILT_IN - Failed
-- Found Iconv: /Library/Developer/CommandLineTools/SDKs/MacOSX.sdk/usr/lib/libiconv.tbd
-- Found LibLZMA: optimized;/Users/hiroyukih/myTool/build/debug/vcpkg_installed/arm64-osx/lib/liblzma.a;debug;/Users/hiroyukih/myTool/build/debug/vcpkg_installed/arm64-osx/debug/lib/liblzma.a (found version "5.8.1")
-- Found TIFF: optimized;/Users/hiroyukih/myTool/build/debug/vcpkg_installed/arm64-osx/lib/libtiff.a;debug;/Users/hiroyukih/myTool/build/debug/vcpkg_installed/arm64-osx/debug/lib/libtiffd.a (found version "4.7.1")
-- Found JPEG: optimized;/Users/hiroyukih/myTool/build/debug/vcpkg_installed/arm64-osx/lib/libjpeg.a;debug;/Users/hiroyukih/myTool/build/debug/vcpkg_installed/arm64-osx/debug/lib/libjpeg.a (found version "62")
-- Found OpenCV: /Users/hiroyukih/myTool/build/debug/vcpkg_installed/arm64-osx (found version "4.11.0")
-- Found nlohmann_json: /Users/hiroyukih/myTool/build/debug/vcpkg_installed/arm64-osx/share/nlohmann_json/nlohmann_jsonConfig.cmake (found version "3.12.0")
-- Taskflow found. Headers: /Users/hiroyukih/myTool/build/debug/vcpkg_installed/arm64-osx/include/
-- QUILL_NO_EXCEPTIONS: OFF
-- QUILL_NO_THREAD_NAME_SUPPORT: OFF
-- QUILL_X86ARCH: OFF
-- QUILL_DISABLE_NON_PREFIXED_MACROS: OFF
-- QUILL_DISABLE_FUNCTION_NAME: OFF
-- QUILL_DETAILED_FUNCTION_NAME: OFF
-- QUILL_DISABLE_FILE_INFO: OFF
-- QUILL_ENABLE_ASSERTIONS: OFF
-- QUILL_ENABLE_INSTALL: OFF
-- Configuring done (17.8s)
-- Generating done (0.0s)
-- Build files have been written to: /Users/hiroyukih/myTool/build/debug
